{"type":"server-started","port":53851,"host":"127.0.0.1","url_host":"localhost","url":"http://localhost:53851","screen_dir":"/config/workspace/go-gost/wisper/.superpowers/brainstorm/2069641-1781075506/content","state_dir":"/config/workspace/go-gost/wisper/.superpowers/brainstorm/2069641-1781075506/state"}
{"type":"screen-added","file":"/config/workspace/go-gost/wisper/.superpowers/brainstorm/2069641-1781075506/content/design-direction.html"}
{"type":"screen-added","file":"/config/workspace/go-gost/wisper/.superpowers/brainstorm/2069641-1781075506/content/home-layout.html"}
{"type":"screen-updated","file":"/config/workspace/go-gost/wisper/.superpowers/brainstorm/2069641-1781075506/content/home-layout.html"}
{"type":"screen-added","file":"/config/workspace/go-gost/wisper/.superpowers/brainstorm/2069641-1781075506/content/detail-mode.html"}
{"type":"screen-added","file":"/config/workspace/go-gost/wisper/.superpowers/brainstorm/2069641-1781075506/content/waiting-1.html"}
{"type":"screen-added","file":"/config/workspace/go-gost/wisper/.superpowers/brainstorm/2069641-1781075506/content/final-home.html"}
{"type":"screen-added","file":"/config/workspace/go-gost/wisper/.superpowers/brainstorm/2069641-1781075506/content/final-detail.html"}
{"type":"screen-added","file":"/config/workspace/go-gost/wisper/.superpowers/brainstorm/2069641-1781075506/content/final-create-settings.html"}
{"type":"screen-added","file":"/config/workspace/go-gost/wisper/.superpowers/brainstorm/2069641-1781075506/content/interactive-prototype.html"}
{"type":"screen-updated","file":"/config/workspace/go-gost/wisper/.superpowers/brainstorm/2069641-1781075506/content/interactive-prototype.html"}
{"type":"screen-updated","file":"/config/workspace/go-gost/wisper/.superpowers/brainstorm/2069641-1781075506/content/interactive-prototype.html"}
{"type":"screen-updated","file":"/config/workspace/go-gost/wisper/.superpowers/brainstorm/2069641-1781075506/content/interactive-prototype.html"}
{"type":"screen-updated","file":"/config/workspace/go-gost/wisper/.superpowers/brainstorm/2069641-1781075506/content/interactive-prototype.html"}
{"type":"screen-updated","file":"/config/workspace/go-gost/wisper/.superpowers/brainstorm/2069641-1781075506/content/interactive-prototype.html"}
{"type":"screen-updated","file":"/config/workspace/go-gost/wisper/.superpowers/brainstorm/2069641-1781075506/content/interactive-prototype.html"}
{"type":"screen-updated","file":"/config/workspace/go-gost/wisper/.superpowers/brainstorm/2069641-1781075506/content/interactive-prototype.html"}
{"type":"screen-updated","file":"/config/workspace/go-gost/wisper/.superpowers/brainstorm/2069641-1781075506/content/interactive-prototype.html"}
{"type":"screen-updated","file":"/config/workspace/go-gost/wisper/.superpowers/brainstorm/2069641-1781075506/content/interactive-prototype.html"}
{"type":"screen-updated","file":"/config/workspace/go-gost/wisper/.superpowers/brainstorm/2069641-1781075506/content/interactive-prototype.html"}
{"type":"screen-updated","file":"/config/workspace/go-gost/wisper/.superpowers/brainstorm/2069641-1781075506/content/interactive-prototype.html"}
{"type":"screen-updated","file":"/config/workspace/go-gost/wisper/.superpowers/brainstorm/2069641-1781075506/content/interactive-prototype.html"}
{"type":"screen-updated","file":"/config/workspace/go-gost/wisper/.superpowers/brainstorm/2069641-1781075506/content/interactive-prototype.html"}
{"type":"screen-updated","file":"/config/workspace/go-gost/wisper/.superpowers/brainstorm/2069641-1781075506/content/interactive-prototype.html"}
{"type":"screen-updated","file":"/config/workspace/go-gost/wisper/.superpowers/brainstorm/2069641-1781075506/content/interactive-prototype.html"}
{"type":"screen-updated","file":"/config/workspace/go-gost/wisper/.superpowers/brainstorm/2069641-1781075506/content/interactive-prototype.html"}
{"type":"screen-updated","file":"/config/workspace/go-gost/wisper/.superpowers/brainstorm/2069641-1781075506/content/interactive-prototype.html"}
{"type":"screen-updated","file":"/config/workspace/go-gost/wisper/.superpowers/brainstorm/2069641-1781075506/content/interactive-prototype.html"}
{"type":"screen-updated","file":"/config/workspace/go-gost/wisper/.superpowers/brainstorm/2069641-1781075506/content/interactive-prototype.html"}
{"type":"screen-updated","file":"/config/workspace/go-gost/wisper/.superpowers/brainstorm/2069641-1781075506/content/interactive-prototype.html"}
{"type":"screen-updated","file":"/config/workspace/go-gost/wisper/.superpowers/brainstorm/2069641-1781075506/content/interactive-prototype.html"}
{"type":"screen-updated","file":"/config/workspace/go-gost/wisper/.superpowers/brainstorm/2069641-1781075506/content/interactive-prototype.html"}
{"type":"screen-updated","file":"/config/workspace/go-gost/wisper/.superpowers/brainstorm/2069641-1781075506/content/interactive-prototype.html"}
{"type":"screen-updated","file":"/config/workspace/go-gost/wisper/.superpowers/brainstorm/2069641-1781075506/content/interactive-prototype.html"}
{"type":"screen-updated","file":"/config/workspace/go-gost/wisper/.superpowers/brainstorm/2069641-1781075506/content/interactive-prototype.html"}
{"type":"screen-updated","file":"/config/workspace/go-gost/wisper/.superpowers/brainstorm/2069641-1781075506/content/interactive-prototype.html"}
{"type":"screen-updated","file":"/config/workspace/go-gost/wisper/.superpowers/brainstorm/2069641-1781075506/content/interactive-prototype.html"}
{"type":"screen-updated","file":"/config/workspace/go-gost/wisper/.superpowers/brainstorm/2069641-1781075506/content/interactive-prototype.html"}
{"type":"screen-updated","file":"/config/workspace/go-gost/wisper/.superpowers/brainstorm/2069641-1781075506/content/interactive-prototype.html"}
{"type":"screen-updated","file":"/config/workspace/go-gost/wisper/.superpowers/brainstorm/2069641-1781075506/content/interactive-prototype.html"}
{"type":"screen-updated","file":"/config/workspace/go-gost/wisper/.superpowers/brainstorm/2069641-1781075506/content/interactive-prototype.html"}
{"type":"screen-updated","file":"/config/workspace/go-gost/wisper/.superpowers/brainstorm/2069641-1781075506/content/interactive-prototype.html"}
{"type":"screen-updated","file":"/config/workspace/go-gost/wisper/.superpowers/brainstorm/2069641-1781075506/content/interactive-prototype.html"}
{"type":"screen-updated","file":"/config/workspace/go-gost/wisper/.superpowers/brainstorm/2069641-1781075506/content/interactive-prototype.html"}
{"type":"screen-updated","file":"/config/workspace/go-gost/wisper/.superpowers/brainstorm/2069641-1781075506/content/interactive-prototype.html"}
{"type":"screen-updated","file":"/config/workspace/go-gost/wisper/.superpowers/brainstorm/2069641-1781075506/content/interactive-prototype.html"}
{"type":"screen-updated","file":"/config/workspace/go-gost/wisper/.superpowers/brainstorm/2069641-1781075506/content/interactive-prototype.html"}
{"type":"screen-updated","file":"/config/workspace/go-gost/wisper/.superpowers/brainstorm/2069641-1781075506/content/interactive-prototype.html"}
{"type":"screen-updated","file":"/config/workspace/go-gost/wisper/.superpowers/brainstorm/2069641-1781075506/content/interactive-prototype.html"}
{"type":"screen-updated","file":"/config/workspace/go-gost/wisper/.superpowers/brainstorm/2069641-1781075506/content/interactive-prototype.html"}
{"type":"screen-updated","file":"/config/workspace/go-gost/wisper/.superpowers/brainstorm/2069641-1781075506/content/interactive-prototype.html"}
{"type":"screen-updated","file":"/config/workspace/go-gost/wisper/.superpowers/brainstorm/2069641-1781075506/content/interactive-prototype.html"}
{"type":"screen-updated","file":"/config/workspace/go-gost/wisper/.superpowers/brainstorm/2069641-1781075506/content/interactive-prototype.html"}
{"type":"screen-updated","file":"/config/workspace/go-gost/wisper/.superpowers/brainstorm/2069641-1781075506/content/interactive-prototype.html"}
{"type":"screen-updated","file":"/config/workspace/go-gost/wisper/.superpowers/brainstorm/2069641-1781075506/content/interactive-prototype.html"}
{"type":"screen-updated","file":"/config/workspace/go-gost/wisper/.superpowers/brainstorm/2069641-1781075506/content/interactive-prototype.html"}
{"type":"screen-updated","file":"/config/workspace/go-gost/wisper/.superpowers/brainstorm/2069641-1781075506/content/interactive-prototype.html"}
{"type":"screen-updated","file":"/config/workspace/go-gost/wisper/.superpowers/brainstorm/2069641-1781075506/content/interactive-prototype.html"}
{"type":"screen-updated","file":"/config/workspace/go-gost/wisper/.superpowers/brainstorm/2069641-1781075506/content/interactive-prototype.html"}
{"type":"screen-updated","file":"/config/workspace/go-gost/wisper/.superpowers/brainstorm/2069641-1781075506/content/interactive-prototype.html"}
{"type":"screen-updated","file":"/config/workspace/go-gost/wisper/.superpowers/brainstorm/2069641-1781075506/content/interactive-prototype.html"}
{"type":"screen-updated","file":"/config/workspace/go-gost/wisper/.superpowers/brainstorm/2069641-1781075506/content/interactive-prototype.html"}
{"type":"screen-updated","file":"/config/workspace/go-gost/wisper/.superpowers/brainstorm/2069641-1781075506/content/interactive-prototype.html"}
{"type":"screen-updated","file":"/config/workspace/go-gost/wisper/.superpowers/brainstorm/2069641-1781075506/content/interactive-prototype.html"}
{"type":"screen-updated","file":"/config/workspace/go-gost/wisper/.superpowers/brainstorm/2069641-1781075506/content/interactive-prototype.html"}
{"type":"screen-updated","file":"/config/workspace/go-gost/wisper/.superpowers/brainstorm/2069641-1781075506/content/interactive-prototype.html"}
{"type":"screen-updated","file":"/config/workspace/go-gost/wisper/.superpowers/brainstorm/2069641-1781075506/content/interactive-prototype.html"}
{"type":"screen-updated","file":"/config/workspace/go-gost/wisper/.superpowers/brainstorm/2069641-1781075506/content/interactive-prototype.html"}
{"type":"screen-updated","file":"/config/workspace/go-gost/wisper/.superpowers/brainstorm/2069641-1781075506/content/interactive-prototype.html"}
{"type":"screen-updated","file":"/config/workspace/go-gost/wisper/.superpowers/brainstorm/2069641-1781075506/content/interactive-prototype.html"}
{"type":"screen-updated","file":"/config/workspace/go-gost/wisper/.superpowers/brainstorm/2069641-1781075506/content/interactive-prototype.html"}
{"type":"screen-updated","file":"/config/workspace/go-gost/wisper/.superpowers/brainstorm/2069641-1781075506/content/interactive-prototype.html"}
{"type":"screen-updated","file":"/config/workspace/go-gost/wisper/.superpowers/brainstorm/2069641-1781075506/content/interactive-prototype.html"}
{"type":"screen-updated","file":"/config/workspace/go-gost/wisper/.superpowers/brainstorm/2069641-1781075506/content/interactive-prototype.html"}
{"type":"screen-updated","file":"/config/workspace/go-gost/wisper/.superpowers/brainstorm/2069641-1781075506/content/interactive-prototype.html"}
{"type":"screen-updated","file":"/config/workspace/go-gost/wisper/.superpowers/brainstorm/2069641-1781075506/content/interactive-prototype.html"}
{"type":"screen-updated","file":"/config/workspace/go-gost/wisper/.superpowers/brainstorm/2069641-1781075506/content/interactive-prototype.html"}
{"type":"screen-updated","file":"/config/workspace/go-gost/wisper/.superpowers/brainstorm/2069641-1781075506/content/interactive-prototype.html"}
{"type":"screen-updated","file":"/config/workspace/go-gost/wisper/.superpowers/brainstorm/2069641-1781075506/content/interactive-prototype.html"}
{"type":"screen-updated","file":"/config/workspace/go-gost/wisper/.superpowers/brainstorm/2069641-1781075506/content/interactive-prototype.html"}
{"type":"screen-updated","file":"/config/workspace/go-gost/wisper/.superpowers/brainstorm/2069641-1781075506/content/interactive-prototype.html"}
{"type":"screen-updated","file":"/config/workspace/go-gost/wisper/.superpowers/brainstorm/2069641-1781075506/content/interactive-prototype.html"}
{"type":"screen-updated","file":"/config/workspace/go-gost/wisper/.superpowers/brainstorm/2069641-1781075506/content/interactive-prototype.html"}
{"type":"screen-updated","file":"/config/workspace/go-gost/wisper/.superpowers/brainstorm/2069641-1781075506/content/interactive-prototype.html"}
{"type":"screen-updated","file":"/config/workspace/go-gost/wisper/.superpowers/brainstorm/2069641-1781075506/content/interactive-prototype.html"}
{"type":"screen-updated","file":"/config/workspace/go-gost/wisper/.superpowers/brainstorm/2069641-1781075506/content/interactive-prototype.html"}
{"type":"screen-updated","file":"/config/workspace/go-gost/wisper/.superpowers/brainstorm/2069641-1781075506/content/interactive-prototype.html"}
{"type":"screen-updated","file":"/config/workspace/go-gost/wisper/.superpowers/brainstorm/2069641-1781075506/content/interactive-prototype.html"}
{"type":"screen-updated","file":"/config/workspace/go-gost/wisper/.superpowers/brainstorm/2069641-1781075506/content/interactive-prototype.html"}
{"type":"screen-updated","file":"/config/workspace/go-gost/wisper/.superpowers/brainstorm/2069641-1781075506/content/interactive-prototype.html"}
{"type":"screen-updated","file":"/config/workspace/go-gost/wisper/.superpowers/brainstorm/2069641-1781075506/content/interactive-prototype.html"}
{"type":"screen-updated","file":"/config/workspace/go-gost/wisper/.superpowers/brainstorm/2069641-1781075506/content/interactive-prototype.html"}
{"type":"screen-updated","file":"/config/workspace/go-gost/wisper/.superpowers/brainstorm/2069641-1781075506/content/interactive-prototype.html"}
{"type":"screen-updated","file":"/config/workspace/go-gost/wisper/.superpowers/brainstorm/2069641-1781075506/content/interactive-prototype.html"}
{"type":"screen-updated","file":"/config/workspace/go-gost/wisper/.superpowers/brainstorm/2069641-1781075506/content/interactive-prototype.html"}
{"type":"server-stopped","reason":"idle timeout"}
